<?xml version="1.0" encoding="UTF-8"?>
<!-- Generated by org.testng.reporters.JUnitXMLReporter -->
<testsuite ignored="0" hostname="GT0007" failures="0" tests="3" name="chrome" time="56.891" errors="0" timestamp="2024-09-25T12:05:20 IST">
  <testcase classname="practo_test.Practo_Test" name="check_speciality" time="12.094"/>
  <testcase classname="practo_test.Practo_Test" name="check_name_time_date" time="18.78"/>
  <testcase classname="practo_test.Practo_Test" name="check_filteration" time="16.398"/>
</testsuite> <!-- chrome -->
