<?xml version="1.0" encoding="UTF-8"?>
<!-- Generated by org.testng.reporters.JUnitXMLReporter -->
<testsuite ignored="0" hostname="GT0007" failures="1" tests="1" name="chrome" time="32.433" errors="0" timestamp="2024-09-24T20:40:05 IST">
  <testcase classname="practo_test.Practo_Test" name="check_name_time_date" time="30.412">
    <failure type="java.time.format.DateTimeParseException" message="Text &amp;apos;On Sep 25, 2024&amp;apos; could not be parsed at index 0">
      <![CDATA[java.time.format.DateTimeParseException: Text 'On Sep 25, 2024' could not be parsed at index 0
at java.base/java.time.format.DateTimeFormatter.parseResolved0(DateTimeFormatter.java:2108)
at java.base/java.time.format.DateTimeFormatter.parse(DateTimeFormatter.java:2010)
at java.base/java.time.LocalDate.parse(LocalDate.java:435)
at practo_pages.Practo_Confirmation_Page.validateDate(Practo_Confirmation_Page.java:22)
at practo_test.Practo_Test.check_name_time_date(Practo_Test.java:70)
at java.base/java.util.ArrayList.forEach(ArrayList.java:1596)
... Removed 25 stack frames]]>
    </failure>
  </testcase> <!-- check_name_time_date -->
</testsuite> <!-- chrome -->
