<?xml version="1.0" encoding="UTF-8"?>
<!-- Generated by org.testng.reporters.JUnitXMLReporter -->
<testsuite ignored="0" hostname="GT0007" failures="0" tests="3" name="edge" time="62.822" errors="0" timestamp="2024-09-25T12:04:24 IST">
  <testcase classname="practo_test.Practo_Test" name="check_speciality" time="11.456"/>
  <testcase classname="practo_test.Practo_Test" name="check_name_time_date" time="19.176"/>
  <testcase classname="practo_test.Practo_Test" name="check_filteration" time="16.487"/>
</testsuite> <!-- edge -->
