<?xml version="1.0" encoding="UTF-8"?>
<!-- Generated by org.testng.reporters.JUnitXMLReporter -->
<testsuite ignored="0" hostname="GT0007" failures="1" tests="1" name="edge" time="26.294" errors="0" timestamp="2024-09-24T20:39:33 IST">
  <testcase classname="practo_test.Practo_Test" name="check_name_time_date" time="21.964">
    <failure type="java.lang.IndexOutOfBoundsException" message="Index -1 out of bounds for length 10">
      <![CDATA[java.lang.IndexOutOfBoundsException: Index -1 out of bounds for length 10
at java.base/jdk.internal.util.Preconditions.outOfBounds(Preconditions.java:100)
at java.base/jdk.internal.util.Preconditions.outOfBoundsCheckIndex(Preconditions.java:106)
at java.base/jdk.internal.util.Preconditions.checkIndex(Preconditions.java:302)
at java.base/java.util.Objects.checkIndex(Objects.java:385)
at java.base/java.util.ArrayList.get(ArrayList.java:427)
at practo_pages.Practo_Doctors_Page.select_doctor(Practo_Doctors_Page.java:31)
at practo_test.Practo_Test.check_name_time_date(Practo_Test.java:64)
at java.base/java.util.ArrayList.forEach(ArrayList.java:1596)
... Removed 25 stack frames]]>
    </failure>
  </testcase> <!-- check_name_time_date -->
</testsuite> <!-- edge -->
