<?xml version="1.0" encoding="UTF-8"?>
<!-- Generated by org.testng.reporters.JUnitXMLReporter -->
<testsuite ignored="0" hostname="GT0007" failures="0" tests="3" name="Google_chrome" time="0.01" errors="0" timestamp="2024-09-24T16:26:06 IST">
  <testcase classname="practo_test.Practo_Test" name="check_speciality" time="0.0">
    <skipped/>
  </testcase> <!-- check_speciality -->
  <testcase classname="practo_test.Practo_Test" name="check_name_time" time="0.0">
    <skipped/>
  </testcase> <!-- check_name_time -->
  <testcase classname="practo_test.Practo_Test" name="check_filteration" time="0.0">
    <skipped/>
  </testcase> <!-- check_filteration -->
</testsuite> <!-- Google_chrome -->
