<?xml version="1.0" encoding="UTF-8"?>
<!-- Generated by org.testng.reporters.JUnitXMLReporter -->
<testsuite ignored="0" hostname="GT0007" failures="1" tests="3" name="practo1" time="82.027" errors="0" timestamp="2024-09-24T15:52:03 IST">
  <testcase classname="practo_test.Practo_Test" name="check_filteration" time="30.655"/>
  <testcase classname="practo_test.Practo_Test" name="check_speciality" time="24.65"/>
  <testcase classname="practo_test.Practo_Test" name="check_name_time" time="26.691">
    <failure type="java.lang.IndexOutOfBoundsException" message="Index -1 out of bounds for length 3">
      <![CDATA[java.lang.IndexOutOfBoundsException: Index -1 out of bounds for length 3
at java.base/jdk.internal.util.Preconditions.outOfBounds(Preconditions.java:100)
at java.base/jdk.internal.util.Preconditions.outOfBoundsCheckIndex(Preconditions.java:106)
at java.base/jdk.internal.util.Preconditions.checkIndex(Preconditions.java:302)
at java.base/java.util.Objects.checkIndex(Objects.java:385)
at java.base/java.util.ArrayList.get(ArrayList.java:427)
at practo_pages.Practo_Doctors_Page.select_doctor(Practo_Doctors_Page.java:30)
at practo_test.Practo_Test.check_name_time(Practo_Test.java:58)
at java.base/java.util.ArrayList.forEach(ArrayList.java:1596)
... Removed 25 stack frames]]>
    </failure>
  </testcase> <!-- check_name_time -->
</testsuite> <!-- practo1 -->
