<?xml version="1.0" encoding="UTF-8"?>
<!-- Generated by org.testng.reporters.JUnitXMLReporter -->
<testsuite ignored="0" hostname="GT0007" failures="0" tests="3" name="test1" time="102.297" errors="0" timestamp="2024-09-24T18:13:28 IST">
  <testcase classname="practo_test.Practo_Test" name="check_speciality" time="22.563"/>
  <testcase classname="practo_test.Practo_Test" name="check_name_time" time="35.472"/>
  <testcase classname="practo_test.Practo_Test" name="check_filteration" time="27.79"/>
</testsuite> <!-- test1 -->
