<?xml version="1.0" encoding="UTF-8"?>
<!-- Generated by org.testng.reporters.JUnitXMLReporter -->
<testsuite ignored="0" hostname="GT0007" failures="0" tests="3" name="Default test" time="90.698" errors="0" timestamp="2024-09-24T15:53:58 IST">
  <testcase classname="practo_test.Practo_Test" name="check_speciality" time="25.184"/>
  <testcase classname="practo_test.Practo_Test" name="check_name_time" time="32.834"/>
  <testcase classname="practo_test.Practo_Test" name="check_filteration" time="32.654"/>
</testsuite> <!-- Default test -->
