<?xml version="1.0" encoding="UTF-8"?>
<testng-results ignored="0" total="6" passed="6" failed="0" skipped="0">
  <reporter-output>
  </reporter-output>
  <suite started-at="2024-09-25T12:03:21 IST" name="practo suite" finished-at="2024-09-25T12:05:20 IST" duration-ms="119809">
    <groups>
    </groups>
    <test started-at="2024-09-25T12:03:21 IST" name="edge" finished-at="2024-09-25T12:04:23 IST" duration-ms="62822">
      <class name="practo_test.Practo_Test">
        <test-method is-config="true" signature="Browser_Setup(java.lang.String)[pri:0, instance:practo_test.Practo_Test@4a003cbe]" started-at="2024-09-25T12:03:21 IST" name="Browser_Setup" finished-at="2024-09-25T12:03:26 IST" duration-ms="5368" status="PASS">
          <params>
            <param index="0">
              <value>
                <![CDATA[edge]]>
              </value>
            </param>
          </params>
          <reporter-output>
          </reporter-output>
        </test-method> <!-- Browser_Setup -->
        <test-method signature="check_speciality()[pri:1, instance:practo_test.Practo_Test@4a003cbe]" started-at="2024-09-25T12:03:26 IST" name="check_speciality" finished-at="2024-09-25T12:03:38 IST" duration-ms="11456" status="PASS">
          <reporter-output>
          </reporter-output>
        </test-method> <!-- check_speciality -->
        <test-method is-config="true" signature="Driver_close()[pri:0, instance:practo_test.Practo_Test@4a003cbe]" started-at="2024-09-25T12:03:38 IST" name="Driver_close" finished-at="2024-09-25T12:03:38 IST" duration-ms="348" status="PASS">
          <reporter-output>
          </reporter-output>
        </test-method> <!-- Driver_close -->
        <test-method is-config="true" signature="Browser_Setup(java.lang.String)[pri:0, instance:practo_test.Practo_Test@4a003cbe]" started-at="2024-09-25T12:03:38 IST" name="Browser_Setup" finished-at="2024-09-25T12:03:43 IST" duration-ms="4682" status="PASS">
          <params>
            <param index="0">
              <value>
                <![CDATA[edge]]>
              </value>
            </param>
          </params>
          <reporter-output>
          </reporter-output>
        </test-method> <!-- Browser_Setup -->
        <test-method signature="check_name_time_date()[pri:2, instance:practo_test.Practo_Test@4a003cbe]" started-at="2024-09-25T12:03:43 IST" name="check_name_time_date" finished-at="2024-09-25T12:04:02 IST" duration-ms="19176" status="PASS">
          <reporter-output>
          </reporter-output>
        </test-method> <!-- check_name_time_date -->
        <test-method is-config="true" signature="Driver_close()[pri:0, instance:practo_test.Practo_Test@4a003cbe]" started-at="2024-09-25T12:04:02 IST" name="Driver_close" finished-at="2024-09-25T12:04:02 IST" duration-ms="300" status="PASS">
          <reporter-output>
          </reporter-output>
        </test-method> <!-- Driver_close -->
        <test-method is-config="true" signature="Browser_Setup(java.lang.String)[pri:0, instance:practo_test.Practo_Test@4a003cbe]" started-at="2024-09-25T12:04:02 IST" name="Browser_Setup" finished-at="2024-09-25T12:04:07 IST" duration-ms="4689" status="PASS">
          <params>
            <param index="0">
              <value>
                <![CDATA[edge]]>
              </value>
            </param>
          </params>
          <reporter-output>
          </reporter-output>
        </test-method> <!-- Browser_Setup -->
        <test-method signature="check_filteration()[pri:3, instance:practo_test.Practo_Test@4a003cbe]" started-at="2024-09-25T12:04:07 IST" name="check_filteration" finished-at="2024-09-25T12:04:23 IST" duration-ms="16487" status="PASS">
          <reporter-output>
          </reporter-output>
        </test-method> <!-- check_filteration -->
        <test-method is-config="true" signature="Driver_close()[pri:0, instance:practo_test.Practo_Test@4a003cbe]" started-at="2024-09-25T12:04:23 IST" name="Driver_close" finished-at="2024-09-25T12:04:23 IST" duration-ms="245" status="PASS">
          <reporter-output>
          </reporter-output>
        </test-method> <!-- Driver_close -->
      </class> <!-- practo_test.Practo_Test -->
    </test> <!-- edge -->
    <test started-at="2024-09-25T12:04:24 IST" name="chrome" finished-at="2024-09-25T12:05:20 IST" duration-ms="56891">
      <class name="practo_test.Practo_Test">
        <test-method is-config="true" signature="Report_Generation()[pri:0, instance:practo_test.Practo_Test@431cd9b2]" started-at="2024-09-25T12:03:20 IST" name="Report_Generation" finished-at="2024-09-25T12:03:21 IST" duration-ms="301" status="PASS">
          <reporter-output>
          </reporter-output>
        </test-method> <!-- Report_Generation -->
        <test-method is-config="true" signature="Browser_Setup(java.lang.String)[pri:0, instance:practo_test.Practo_Test@431cd9b2]" started-at="2024-09-25T12:04:24 IST" name="Browser_Setup" finished-at="2024-09-25T12:04:27 IST" duration-ms="3003" status="PASS">
          <params>
            <param index="0">
              <value>
                <![CDATA[chrome]]>
              </value>
            </param>
          </params>
          <reporter-output>
          </reporter-output>
        </test-method> <!-- Browser_Setup -->
        <test-method signature="check_speciality()[pri:1, instance:practo_test.Practo_Test@431cd9b2]" started-at="2024-09-25T12:04:27 IST" name="check_speciality" finished-at="2024-09-25T12:04:39 IST" duration-ms="12094" status="PASS">
          <reporter-output>
          </reporter-output>
        </test-method> <!-- check_speciality -->
        <test-method is-config="true" signature="Driver_close()[pri:0, instance:practo_test.Practo_Test@431cd9b2]" started-at="2024-09-25T12:04:39 IST" name="Driver_close" finished-at="2024-09-25T12:04:39 IST" duration-ms="262" status="PASS">
          <reporter-output>
          </reporter-output>
        </test-method> <!-- Driver_close -->
        <test-method is-config="true" signature="Browser_Setup(java.lang.String)[pri:0, instance:practo_test.Practo_Test@431cd9b2]" started-at="2024-09-25T12:04:39 IST" name="Browser_Setup" finished-at="2024-09-25T12:04:42 IST" duration-ms="2976" status="PASS">
          <params>
            <param index="0">
              <value>
                <![CDATA[chrome]]>
              </value>
            </param>
          </params>
          <reporter-output>
          </reporter-output>
        </test-method> <!-- Browser_Setup -->
        <test-method signature="check_name_time_date()[pri:2, instance:practo_test.Practo_Test@431cd9b2]" started-at="2024-09-25T12:04:42 IST" name="check_name_time_date" finished-at="2024-09-25T12:05:01 IST" duration-ms="18780" status="PASS">
          <reporter-output>
          </reporter-output>
        </test-method> <!-- check_name_time_date -->
        <test-method is-config="true" signature="Driver_close()[pri:0, instance:practo_test.Practo_Test@431cd9b2]" started-at="2024-09-25T12:05:01 IST" name="Driver_close" finished-at="2024-09-25T12:05:01 IST" duration-ms="268" status="PASS">
          <reporter-output>
          </reporter-output>
        </test-method> <!-- Driver_close -->
        <test-method is-config="true" signature="Browser_Setup(java.lang.String)[pri:0, instance:practo_test.Practo_Test@431cd9b2]" started-at="2024-09-25T12:05:01 IST" name="Browser_Setup" finished-at="2024-09-25T12:05:04 IST" duration-ms="2843" status="PASS">
          <params>
            <param index="0">
              <value>
                <![CDATA[chrome]]>
              </value>
            </param>
          </params>
          <reporter-output>
          </reporter-output>
        </test-method> <!-- Browser_Setup -->
        <test-method signature="check_filteration()[pri:3, instance:practo_test.Practo_Test@431cd9b2]" started-at="2024-09-25T12:05:04 IST" name="check_filteration" finished-at="2024-09-25T12:05:20 IST" duration-ms="16398" status="PASS">
          <reporter-output>
          </reporter-output>
        </test-method> <!-- check_filteration -->
        <test-method is-config="true" signature="Driver_close()[pri:0, instance:practo_test.Practo_Test@431cd9b2]" started-at="2024-09-25T12:05:20 IST" name="Driver_close" finished-at="2024-09-25T12:05:20 IST" duration-ms="253" status="PASS">
          <reporter-output>
          </reporter-output>
        </test-method> <!-- Driver_close -->
        <test-method is-config="true" signature="Report_flush()[pri:0, instance:practo_test.Practo_Test@431cd9b2]" started-at="2024-09-25T12:05:20 IST" name="Report_flush" finished-at="2024-09-25T12:05:21 IST" duration-ms="907" status="PASS">
          <reporter-output>
          </reporter-output>
        </test-method> <!-- Report_flush -->
      </class> <!-- practo_test.Practo_Test -->
    </test> <!-- chrome -->
  </suite> <!-- practo suite -->
</testng-results>
